<?xml version="1.0" encoding="UTF-8"?>
<!-- Generated by org.testng.reporters.JUnitXMLReporter -->
<testsuite hostname="Don-PC" ignored="0" name="Default test" tests="4" failures="0" timestamp="13 May 2020 05:52:42 GMT" time="102.036" errors="0">
  <testcase name="login" time="21.17" classname="BuyProduct.Buy65inchTV"/>
  <testcase name="searchTV" time="22.154" classname="BuyProduct.Buy65inchTV"/>
  <testcase name="addToCart" time="16.003" classname="BuyProduct.Buy65inchTV"/>
  <testcase name="checkout" time="21.449" classname="BuyProduct.Buy65inchTV"/>
</testsuite> <!-- Default test -->
